<?xml version="1.0" encoding="UTF-8"?>
<testng-results skipped="0" failed="0" total="1" passed="1">
  <reporter-output>
  </reporter-output>
  <suite name="Default suite" duration-ms="62" started-at="2018-03-01T11:16:10Z" finished-at="2018-03-01T11:16:10Z">
    <groups>
    </groups>
    <test name="Default test" duration-ms="62" started-at="2018-03-01T11:16:10Z" finished-at="2018-03-01T11:16:10Z">
      <class name="testng.sample">
        <test-method status="PASS" signature="test()[pri:0, instance:testng.sample@735b5592]" name="test" duration-ms="32" started-at="2018-03-01T16:46:10Z" finished-at="2018-03-01T16:46:10Z">
          <reporter-output>
          </reporter-output>
        </test-method> <!-- test -->
      </class> <!-- testng.sample -->
    </test> <!-- Default test -->
  </suite> <!-- Default suite -->
</testng-results>
